<?xml version="1.0" encoding="UTF-8"?>
<!-- Generated by org.testng.reporters.JUnitXMLReporter -->
<testsuite hostname="User-PC" ignored="4" name="Test" tests="6" failures="3" timestamp="05 Mar 2018 13:26:40 GMT" time="23.547" errors="0">
  <testcase name="f" time="6.779" classname="login.loginTest"/>
  <testcase name="f" time="0.004" classname="login.loginTest">
    <failure type="java.lang.NullPointerException">
      <![CDATA[java.lang.NullPointerException
at login.loginTest.f(loginTest.java:25)
... Removed 25 stack frames]]>
    </failure>
  </testcase> <!-- f -->
  <testcase name="f" time="0.008" classname="login.loginTest">
    <failure type="java.lang.NullPointerException">
      <![CDATA[java.lang.NullPointerException
at login.loginTest.f(loginTest.java:25)
... Removed 25 stack frames]]>
    </failure>
  </testcase> <!-- f -->
  <testcase name="a" time="7.538" classname="login.AdminTest"/>
  <testcase name="a" time="2.004" classname="login.AdminTest">
    <failure type="java.lang.NullPointerException">
      <![CDATA[java.lang.NullPointerException
at login.AdminTest.a(AdminTest.java:12)
... Removed 25 stack frames]]>
    </failure>
  </testcase> <!-- a -->
  <testcase name="b" time="0.645" classname="login.DashboardTest"/>
  <testcase name="@BeforeTest open" time="0.0" classname="login.loginTest">
    <ignored/>
  </testcase> <!-- @BeforeTest open -->
  <testcase name="@BeforeTest open" time="0.0" classname="login.loginTest">
    <ignored/>
  </testcase> <!-- @BeforeTest open -->
  <testcase name="@AfterTest close" time="0.0" classname="login.loginTest">
    <ignored/>
  </testcase> <!-- @AfterTest close -->
  <testcase name="@AfterTest close" time="0.0" classname="login.loginTest">
    <ignored/>
  </testcase> <!-- @AfterTest close -->
</testsuite> <!-- Test -->
